[20:43:3.562] Global cache location '/home/evanmeek/.cache/typescript/3.9', safe file path '/home/evanmeek/.emacs.d/var/.cache/lsp/npm/typescript/lib/node_modules/typescript/lib/typingSafeList.json', types map path /home/evanmeek/.emacs.d/var/.cache/lsp/npm/typescript/lib/node_modules/typescript/lib/typesMap.json
[20:43:3.563] Processing cache location '/home/evanmeek/.cache/typescript/3.9'
[20:43:3.563] Trying to find '/home/evanmeek/.cache/typescript/3.9/package.json'...
[20:43:3.565] Loaded content of '/home/evanmeek/.cache/typescript/3.9/package.json': {"private":true,"dependencies":{"types-registry":"^0.1.533"},"devDependencies":{"@types/abbrev":"^1.1.1","@types/acorn":"^4.0.5","@types/agent-base":"^4.2.1","@types/align-text":"^1.0.1","@types/ansi":"^0.3.2","@types/ansi-styles":"^3.2.1","@types/appdmg":"^0.5.0","@types/archiver":"^5.1.0","@types/are-we-there-yet":"^1.1.0","@types/argparse":"^1.0.38","@types/array-find-index":"^1.0.0","@types/asap":"^2.0.0","@types/asn1":"^0.2.0","@types/assert-plus":"^1.0.4","@types/async":"^3.2.4","@types/atob":"^2.1.2","@types/autoprefixer":"^9.7.2","@types/aws4":"^1.5.1","@types/babel-code-frame":"^6.20.4","@types/babel-core":"^6.25.6","@types/babel-generator":"^6.25.3","@types/babel-plugin-syntax-jsx":"^6.18.0","@types/babel-template":"^6.25.2","@types/babel-traverse":"^6.25.5","@types/babel-types":"^7.0.9","@types/babylon":"^6.16.5","@types/balanced-match":"^1.0.1","@types/bl":"^2.1.0","@types/bluebird":"^3.5.33","@types/boom":"^7.3.0","@types/brace-expansion":"^1.1.0","@types/browserslist":"^4.8.0","@types/btoa":"^1.2.3","@types/btoa-lite":"^1.0.0","@types/buffer-crc32":"^0.2.0","@types/buffer-from":"^1.1.0","@types/buffers":"^0.1.31","@types/cacheable-request":"^6.0.1","@types/caniuse-api":"^3.0.1","@types/caniuse-lite":"^1.0.0","@types/caseless":"^0.12.2","@types/center-align":"^1.0.0","@types/chardet":"^0.8.0","@types/cheerio":"^0.22.22","@types/chownr":"^1.0.0","@types/clean-css":"^4.2.2","@types/cli-spinners":"^1.3.0","@types/clone":"^2.1.0","@types/co":"^4.6.2","@types/color":"^3.0.1","@types/color-convert":"^1.9.0","@types/color-name":"^1.1.1","@types/color-string":"^1.5.0","@types/combined-stream":"^1.0.2","@types/compare-version":"^0.1.31","@types/concat-map":"0.0.0","@types/concat-stream":"^1.6.0","@types/convert-source-map":"^1.5.1","@types/core-js":"^2.5.4","@types/cross-spawn":"^6.0.2","@types/cryptiles":"^3.1.0","@types/cson":"0.0.31","@types/css":"0.0.31","@types/cssnano":"^4.0.0","@types/csso":"^3.5.1","@types/cssom":"^0.4.1","@types/cssstyle":"^2.2.1","@types/cuint":"^0.2.1","@types/dashdash":"^1.14.0","@types/debug":"^4.1.5","@types/decode-uri-component":"^0.2.0","@types/deep-extend":"^0.4.31","@types/defaults":"^1.0.3","@types/define-properties":"^1.1.3","@types/defined":"^1.0.0","@types/detect-node":"^2.0.0","@types/domhandler":"^2.4.1","@types/domutils":"^1.7.3","@types/duplexer3":"^0.1.0","@types/encodeurl":"^1.0.0","@types/end-of-stream":"^1.4.0","@types/es6-promisify":"^6.0.0","@types/escodegen":"0.0.6","@types/esprima":"^4.0.2","@types/estraverse":"^5.1.0","@types/events":"^3.0.0","@types/expand-tilde":"^2.0.0","@types/extend":"^3.0.1","@types/extract-zip":"^1.6.2","@types/extsprintf":"^1.4.1","@types/fast-levenshtein":"0.0.1","@types/forever-agent":"^0.6.0","@types/fs-extra":"^9.0.4","@types/function-bind":"^1.1.6","@types/get-caller-file":"^1.0.0","@types/get-folder-size":"^2.0.0","@types/get-installed-path":"^4.0.0","@types/getpass":"^0.1.0","@types/glob":"^7.1.3","@types/global-agent":"^2.1.0","@types/global-modules":"^2.0.0","@types/global-prefix":"^3.0.0","@types/global-tunnel-ng":"^2.1.0","@types/globalthis":"^1.0.1","@types/got":"^9.6.11","@types/graceful-fs":"^4.1.4","@types/has":"^1.0.0","@types/has-ansi":"^3.0.0","@types/hash-sum":"^1.0.0","@types/he":"^1.1.1","@types/hoek":"^4.1.3","@types/hosted-git-info":"^3.0.1","@types/htmlparser2":"^3.10.2","@types/http-cache-semantics":"^4.0.0","@types/http-proxy-agent":"^2.0.2","@types/inherits":"0.0.30","@types/ini":"^1.3.30","@types/inquirer":"^7.3.1","@types/invariant":"^2.2.34","@types/is-buffer":"^2.0.0","@types/is-finite":"^1.0.0","@types/is-promise":"^2.1.0","@types/is-relative-path":"^2.0.0","@types/is-typedarray":"^1.0.0","@types/is-utf8":"^0.2.0","@types/is-windows":"^1.0.0","@types/isarray":"^2.0.0","@types/isexe":"^2.0.0","@types/isstream":"^0.1.0","@types/istanbul":"^0.4.30","@types/jade":"0.0.30","@types/jmespath":"^0.15.0","@types/js-base64":"^3.0.0","@types/js-string-escape":"^1.0.0","@types/js-yaml":"^3.12.5","@types/jsbn":"^1.2.29","@types/jsdom":"^16.2.5","@types/jsesc":"^2.5.1","@types/json-buffer":"^3.0.0","@types/json-schema":"^7.0.6","@types/json-schema-traverse":"^0.4.0","@types/json-stable-stringify":"^1.0.32","@types/json-stringify-safe":"^5.0.0","@types/json5":"0.0.30","@types/jsonfile":"^6.0.0","@types/keyv":"^3.1.1","@types/kind-of":"^6.0.0","@types/klaw":"^3.0.1","@types/less":"^3.0.1","@types/lodash":"^4.14.165","@types/lodash.assign":"^4.2.6","@types/lodash.defaults":"^4.2.6","@types/lodash.difference":"^4.5.6","@types/lodash.filter":"^4.6.6","@types/lodash.get":"^4.4.6","@types/lodash.memoize":"^4.1.6","@types/lodash.merge":"^4.6.6","@types/lodash.pad":"^4.5.6","@types/lodash.padend":"^4.6.6","@types/lodash.padstart":"^4.6.6","@types/lodash.pull":"^4.1.6","@types/lodash.template":"^4.5.0","@types/lodash.uniq":"^4.5.6","@types/lru-cache":"^5.1.0","@types/math-expression-evaluator":"^1.2.0","@types/meow":"^5.0.0","@types/mime":"^2.0.3","@types/mime-db":"^1.43.0","@types/mime-types":"^2.1.0","@types/minimatch":"^3.0.3","@types/minimist":"^1.2.1","@types/minipass":"^2.2.0","@types/mkdirp":"^1.0.1","@types/mkpath":"^0.1.29","@types/ms":"^0.7.31","@types/mute-stream":"0.0.0","@types/mz":"^2.7.2","@types/nice-try":"^2.1.0","@types/node":"^14.14.10","@types/node-abi":"^2.10.0","@types/node-fetch":"^2.5.7","@types/node-notifier":"^8.0.0","@types/nopt":"^3.0.29","@types/normalize-package-data":"^2.4.0","@types/npmlog":"^4.1.2","@types/num2fraction":"^1.2.0","@types/number-is-nan":"^1.0.0","@types/nwmatcher":"^1.4.2","@types/object-assign":"^4.0.30","@types/object-keys":"^1.0.1","@types/once":"^1.4.0","@types/optimist":"0.0.29","@types/os-homedir":"^1.0.0","@types/os-tmpdir":"^1.0.0","@types/osenv":"^0.1.0","@types/parse-author":"^2.0.0","@types/parse-json":"^4.0.0","@types/parse-passwd":"^1.0.0","@types/parse5":"^5.0.3","@types/path-is-absolute":"^1.0.0","@types/path-parse":"^1.0.19","@types/pify":"^3.0.2","@types/plist":"^3.0.2","@types/postcss-calc":"^7.0.0","@types/prelude-ls":"^1.1.29","@types/progress":"^2.0.3","@types/progress-stream":"^2.0.1","@types/psl":"^1.1.0","@types/pump":"^1.1.0","@types/punycode":"^2.1.0","@types/q":"^1.5.4","@types/qs":"^6.9.5","@types/rc":"^1.1.0","@types/readable-stream":"^2.3.9","@types/regenerator-runtime":"^0.13.0","@types/repeat-string":"^1.6.0","@types/repeating":"^3.0.0","@types/request":"^2.48.5","@types/require-directory":"^2.1.1","@types/resolve":"^1.17.1","@types/responselike":"^1.0.0","@types/right-align":"^0.1.0","@types/rimraf":"^3.0.0","@types/roarr":"^2.14.2","@types/rx":"^4.1.2","@types/rx-lite":"^4.0.6","@types/rx-lite-aggregates":"^4.0.3","@types/safer-buffer":"^2.1.0","@types/sax":"^1.2.1","@types/semver":"^7.3.4","@types/semver-compare":"^1.0.1","@types/shebang-command":"^1.2.0","@types/sigmund":"^1.0.0","@types/signal-exit":"^3.0.0","@types/single-line-log":"^1.1.0","@types/sntp":"^3.0.0","@types/source-map-support":"^0.5.3","@types/spdx-correct":"^2.0.0","@types/spdx-expression-parse":"^3.0.0","@types/sprintf":"^0.1.0","@types/sprintf-js":"^1.1.2","@types/sshpk":"^1.10.5","@types/strict-uri-encode":"^2.0.0","@types/stylus":"^0.48.33","@types/supports-color":"^7.2.0","@types/svgo":"^1.3.3","@types/symbol-tree":"^3.2.1","@types/tabtab":"^3.0.1","@types/tar":"^4.0.4","@types/tar-stream":"^2.1.0","@types/temp":"^0.8.34","@types/throttleit":"^1.0.0","@types/through":"0.0.30","@types/through2":"^2.0.36","@types/tmp":"^0.2.0","@types/touch":"^3.1.1","@types/tough-cookie":"^4.0.0","@types/traverse":"^0.6.32","@types/tunnel":"0.0.1","@types/type-check":"^0.3.27","@types/uglify-js":"^3.11.1","@types/uniq":"0.0.27","@types/universalify":"^1.0.0","@types/urix":"^0.1.0","@types/url-template":"^2.0.28","@types/util-deprecate":"^1.0.0","@types/uuid":"^8.3.0","@types/validate-npm-package-license":"^3.0.0","@types/verror":"^1.10.4","@types/void-elements":"^3.1.0","@types/wcwidth":"^1.0.0","@types/webidl-conversions":"^6.1.0","@types/which":"^1.3.2","@types/window-size":"^0.2.5","@types/wordwrap":"^1.0.0","@types/wrap-ansi":"^3.0.0","@types/wrench":"0.0.28","@types/xml2js":"^0.4.7","@types/xmldom":"^0.1.30","@types/xtend":"^4.0.3","@types/y18n":"^4.0.0","@types/yallist":"^3.0.1","@types/yargs":"^15.0.10","@types/yargs-parser":"^15.0.0","@types/yauzl":"^2.9.1"}}
[20:43:3.565] Loaded content of '/home/evanmeek/.cache/typescript/3.9/package-lock.json'
[20:43:3.574] Adding entry into typings cache: 'abbrev' => '/home/evanmeek/.cache/typescript/3.9/node_modules/@types/abbrev/index.d.ts'
[20:43:3.578] Adding entry into typings cache: 'acorn' => '/home/evanmeek/.cache/typescript/3.9/node_modules/@types/acorn/index.d.ts'
[20:43:3.580] Adding entry into typings cache: 'agent-base' => '/home/evanmeek/.cache/typescript/3.9/node_modules/@types/agent-base/index.d.ts'
[20:43:3.582] Adding entry into typings cache: 'align-text' => '/home/evanmeek/.cache/typescript/3.9/node_modules/@types/align-text/index.d.ts'
[20:43:3.584] Adding entry into typings cache: 'ansi' => '/home/evanmeek/.cache/typescript/3.9/node_modules/@types/ansi/index.d.ts'
[20:43:3.588] Adding entry into typings cache: 'ansi-styles' => '/home/evanmeek/.cache/typescript/3.9/node_modules/@types/ansi-styles/index.d.ts'
[20:43:3.589] Adding entry into typings cache: 'appdmg' => '/home/evanmeek/.cache/typescript/3.9/node_modules/@types/appdmg/index.d.ts'
[20:43:3.592] Adding entry into typings cache: 'archiver' => '/home/evanmeek/.cache/typescript/3.9/node_modules/@types/archiver/index.d.ts'
[20:43:3.593] Adding entry into typings cache: 'are-we-there-yet' => '/home/evanmeek/.cache/typescript/3.9/node_modules/@types/are-we-there-yet/index.d.ts'
[20:43:3.595] Adding entry into typings cache: 'argparse' => '/home/evanmeek/.cache/typescript/3.9/node_modules/@types/argparse/index.d.ts'
[20:43:3.598] Adding entry into typings cache: 'array-find-index' => '/home/evanmeek/.cache/typescript/3.9/node_modules/@types/array-find-index/index.d.ts'
[20:43:3.599] Adding entry into typings cache: 'asap' => '/home/evanmeek/.cache/typescript/3.9/node_modules/@types/asap/index.d.ts'
[20:43:3.601] Adding entry into typings cache: 'asn1' => '/home/evanmeek/.cache/typescript/3.9/node_modules/@types/asn1/index.d.ts'
[20:43:3.603] Adding entry into typings cache: 'assert-plus' => '/home/evanmeek/.cache/typescript/3.9/node_modules/@types/assert-plus/index.d.ts'
[20:43:3.605] Adding entry into typings cache: 'async' => '/home/evanmeek/.cache/typescript/3.9/node_modules/@types/async/index.d.ts'
[20:43:3.607] Adding entry into typings cache: 'atob' => '/home/evanmeek/.cache/typescript/3.9/node_modules/@types/atob/index.d.ts'
[20:43:3.610] Adding entry into typings cache: 'autoprefixer' => '/home/evanmeek/.cache/typescript/3.9/node_modules/@types/autoprefixer/index.d.ts'
[20:43:3.612] Adding entry into typings cache: 'aws4' => '/home/evanmeek/.cache/typescript/3.9/node_modules/@types/aws4/index.d.ts'
[20:43:3.613] Adding entry into typings cache: 'babel-code-frame' => '/home/evanmeek/.cache/typescript/3.9/node_modules/@types/babel-code-frame/index.d.ts'
[20:43:3.615] Adding entry into typings cache: 'babel-core' => '/home/evanmeek/.cache/typescript/3.9/node_modules/@types/babel-core/index.d.ts'
[20:43:3.617] Adding entry into typings cache: 'babel-generator' => '/home/evanmeek/.cache/typescript/3.9/node_modules/@types/babel-generator/index.d.ts'
[20:43:3.618] Adding entry into typings cache: 'babel-plugin-syntax-jsx' => '/home/evanmeek/.cache/typescript/3.9/node_modules/@types/babel-plugin-syntax-jsx/index.d.ts'
[20:43:3.620] Adding entry into typings cache: 'babel-template' => '/home/evanmeek/.cache/typescript/3.9/node_modules/@types/babel-template/index.d.ts'
[20:43:3.621] Adding entry into typings cache: 'babel-traverse' => '/home/evanmeek/.cache/typescript/3.9/node_modules/@types/babel-traverse/index.d.ts'
[20:43:3.624] Adding entry into typings cache: 'babel-types' => '/home/evanmeek/.cache/typescript/3.9/node_modules/@types/babel-types/index.d.ts'
[20:43:3.626] Adding entry into typings cache: 'babylon' => '/home/evanmeek/.cache/typescript/3.9/node_modules/@types/babylon/index.d.ts'
[20:43:3.627] Adding entry into typings cache: 'balanced-match' => '/home/evanmeek/.cache/typescript/3.9/node_modules/@types/balanced-match/index.d.ts'
[20:43:3.629] Adding entry into typings cache: 'bl' => '/home/evanmeek/.cache/typescript/3.9/node_modules/@types/bl/index.d.ts'
[20:43:3.630] Adding entry into typings cache: 'bluebird' => '/home/evanmeek/.cache/typescript/3.9/node_modules/@types/bluebird/index.d.ts'
[20:43:3.632] Adding entry into typings cache: 'boom' => '/home/evanmeek/.cache/typescript/3.9/node_modules/@types/boom/index.d.ts'
[20:43:3.633] Adding entry into typings cache: 'brace-expansion' => '/home/evanmeek/.cache/typescript/3.9/node_modules/@types/brace-expansion/index.d.ts'
[20:43:3.635] Adding entry into typings cache: 'browserslist' => '/home/evanmeek/.cache/typescript/3.9/node_modules/@types/browserslist/index.d.ts'
[20:43:3.636] Adding entry into typings cache: 'btoa' => '/home/evanmeek/.cache/typescript/3.9/node_modules/@types/btoa/index.d.ts'
[20:43:3.637] Adding entry into typings cache: 'btoa-lite' => '/home/evanmeek/.cache/typescript/3.9/node_modules/@types/btoa-lite/index.d.ts'
[20:43:3.639] Adding entry into typings cache: 'buffer-crc32' => '/home/evanmeek/.cache/typescript/3.9/node_modules/@types/buffer-crc32/index.d.ts'
[20:43:3.640] Adding entry into typings cache: 'buffer-from' => '/home/evanmeek/.cache/typescript/3.9/node_modules/@types/buffer-from/index.d.ts'
[20:43:3.643] Adding entry into typings cache: 'buffers' => '/home/evanmeek/.cache/typescript/3.9/node_modules/@types/buffers/index.d.ts'
[20:43:3.644] Adding entry into typings cache: 'cacheable-request' => '/home/evanmeek/.cache/typescript/3.9/node_modules/@types/cacheable-request/index.d.ts'
[20:43:3.646] Adding entry into typings cache: 'caniuse-api' => '/home/evanmeek/.cache/typescript/3.9/node_modules/@types/caniuse-api/index.d.ts'
[20:43:3.648] Adding entry into typings cache: 'caniuse-lite' => '/home/evanmeek/.cache/typescript/3.9/node_modules/@types/caniuse-lite/index.d.ts'
[20:43:3.649] Adding entry into typings cache: 'caseless' => '/home/evanmeek/.cache/typescript/3.9/node_modules/@types/caseless/index.d.ts'
[20:43:3.651] Adding entry into typings cache: 'center-align' => '/home/evanmeek/.cache/typescript/3.9/node_modules/@types/center-align/index.d.ts'
[20:43:3.652] Adding entry into typings cache: 'chardet' => '/home/evanmeek/.cache/typescript/3.9/node_modules/@types/chardet/index.d.ts'
[20:43:3.655] Adding entry into typings cache: 'cheerio' => '/home/evanmeek/.cache/typescript/3.9/node_modules/@types/cheerio/index.d.ts'
[20:43:3.657] Adding entry into typings cache: 'chownr' => '/home/evanmeek/.cache/typescript/3.9/node_modules/@types/chownr/index.d.ts'
[20:43:3.658] Adding entry into typings cache: 'clean-css' => '/home/evanmeek/.cache/typescript/3.9/node_modules/@types/clean-css/index.d.ts'
[20:43:3.659] Adding entry into typings cache: 'cli-spinners' => '/home/evanmeek/.cache/typescript/3.9/node_modules/@types/cli-spinners/index.d.ts'
[20:43:3.660] Adding entry into typings cache: 'clone' => '/home/evanmeek/.cache/typescript/3.9/node_modules/@types/clone/index.d.ts'
[20:43:3.662] Adding entry into typings cache: 'co' => '/home/evanmeek/.cache/typescript/3.9/node_modules/@types/co/index.d.ts'
[20:43:3.663] Adding entry into typings cache: 'color' => '/home/evanmeek/.cache/typescript/3.9/node_modules/@types/color/index.d.ts'
[20:43:3.665] Adding entry into typings cache: 'color-convert' => '/home/evanmeek/.cache/typescript/3.9/node_modules/@types/color-convert/index.d.ts'
[20:43:3.668] Adding entry into typings cache: 'color-name' => '/home/evanmeek/.cache/typescript/3.9/node_modules/@types/color-name/index.d.ts'
[20:43:3.670] Adding entry into typings cache: 'color-string' => '/home/evanmeek/.cache/typescript/3.9/node_modules/@types/color-string/index.d.ts'
[20:43:3.674] Adding entry into typings cache: 'combined-stream' => '/home/evanmeek/.cache/typescript/3.9/node_modules/@types/combined-stream/index.d.ts'
[20:43:3.676] Adding entry into typings cache: 'compare-version' => '/home/evanmeek/.cache/typescript/3.9/node_modules/@types/compare-version/index.d.ts'
[20:43:3.678] Adding entry into typings cache: 'concat-map' => '/home/evanmeek/.cache/typescript/3.9/node_modules/@types/concat-map/index.d.ts'
[20:43:3.679] Adding entry into typings cache: 'concat-stream' => '/home/evanmeek/.cache/typescript/3.9/node_modules/@types/concat-stream/index.d.ts'
[20:43:3.682] Adding entry into typings cache: 'convert-source-map' => '/home/evanmeek/.cache/typescript/3.9/node_modules/@types/convert-source-map/index.d.ts'
[20:43:3.683] Adding entry into typings cache: 'core-js' => '/home/evanmeek/.cache/typescript/3.9/node_modules/@types/core-js/index.d.ts'
[20:43:3.684] Adding entry into typings cache: 'cross-spawn' => '/home/evanmeek/.cache/typescript/3.9/node_modules/@types/cross-spawn/index.d.ts'
[20:43:3.685] Adding entry into typings cache: 'cryptiles' => '/home/evanmeek/.cache/typescript/3.9/node_modules/@types/cryptiles/index.d.ts'
[20:43:3.686] Adding entry into typings cache: 'cson' => '/home/evanmeek/.cache/typescript/3.9/node_modules/@types/cson/index.d.ts'
[20:43:3.687] Adding entry into typings cache: 'css' => '/home/evanmeek/.cache/typescript/3.9/node_modules/@types/css/index.d.ts'
[20:43:3.689] Adding entry into typings cache: 'cssnano' => '/home/evanmeek/.cache/typescript/3.9/node_modules/@types/cssnano/index.d.ts'
[20:43:3.690] Adding entry into typings cache: 'csso' => '/home/evanmeek/.cache/typescript/3.9/node_modules/@types/csso/index.d.ts'
[20:43:3.691] Adding entry into typings cache: 'cssom' => '/home/evanmeek/.cache/typescript/3.9/node_modules/@types/cssom/index.d.ts'
[20:43:3.693] Adding entry into typings cache: 'cssstyle' => '/home/evanmeek/.cache/typescript/3.9/node_modules/@types/cssstyle/index.d.ts'
[20:43:3.694] Adding entry into typings cache: 'cuint' => '/home/evanmeek/.cache/typescript/3.9/node_modules/@types/cuint/index.d.ts'
[20:43:3.695] Adding entry into typings cache: 'dashdash' => '/home/evanmeek/.cache/typescript/3.9/node_modules/@types/dashdash/index.d.ts'
[20:43:3.696] Adding entry into typings cache: 'debug' => '/home/evanmeek/.cache/typescript/3.9/node_modules/@types/debug/index.d.ts'
[20:43:3.698] Adding entry into typings cache: 'decode-uri-component' => '/home/evanmeek/.cache/typescript/3.9/node_modules/@types/decode-uri-component/index.d.ts'
[20:43:3.699] Adding entry into typings cache: 'deep-extend' => '/home/evanmeek/.cache/typescript/3.9/node_modules/@types/deep-extend/index.d.ts'
[20:43:3.699] Adding entry into typings cache: 'defaults' => '/home/evanmeek/.cache/typescript/3.9/node_modules/@types/defaults/index.d.ts'
[20:43:3.700] Adding entry into typings cache: 'define-properties' => '/home/evanmeek/.cache/typescript/3.9/node_modules/@types/define-properties/index.d.ts'
[20:43:3.701] Adding entry into typings cache: 'defined' => '/home/evanmeek/.cache/typescript/3.9/node_modules/@types/defined/index.d.ts'
[20:43:3.702] Adding entry into typings cache: 'detect-node' => '/home/evanmeek/.cache/typescript/3.9/node_modules/@types/detect-node/index.d.ts'
[20:43:3.706] Adding entry into typings cache: 'domhandler' => '/home/evanmeek/.cache/typescript/3.9/node_modules/@types/domhandler/index.d.ts'
[20:43:3.707] Adding entry into typings cache: 'domutils' => '/home/evanmeek/.cache/typescript/3.9/node_modules/@types/domutils/index.d.ts'
[20:43:3.709] Adding entry into typings cache: 'duplexer3' => '/home/evanmeek/.cache/typescript/3.9/node_modules/@types/duplexer3/index.d.ts'
[20:43:3.710] Adding entry into typings cache: 'encodeurl' => '/home/evanmeek/.cache/typescript/3.9/node_modules/@types/encodeurl/index.d.ts'
[20:43:3.711] Adding entry into typings cache: 'end-of-stream' => '/home/evanmeek/.cache/typescript/3.9/node_modules/@types/end-of-stream/index.d.ts'
[20:43:3.714] Adding entry into typings cache: 'es6-promisify' => '/home/evanmeek/.cache/typescript/3.9/node_modules/@types/es6-promisify/index.d.ts'
[20:43:3.715] Adding entry into typings cache: 'escodegen' => '/home/evanmeek/.cache/typescript/3.9/node_modules/@types/escodegen/index.d.ts'
[20:43:3.717] Adding entry into typings cache: 'esprima' => '/home/evanmeek/.cache/typescript/3.9/node_modules/@types/esprima/index.d.ts'
[20:43:3.719] Adding entry into typings cache: 'estraverse' => '/home/evanmeek/.cache/typescript/3.9/node_modules/@types/estraverse/index.d.ts'
[20:43:3.720] Adding entry into typings cache: 'events' => '/home/evanmeek/.cache/typescript/3.9/node_modules/@types/events/index.d.ts'
[20:43:3.721] Adding entry into typings cache: 'expand-tilde' => '/home/evanmeek/.cache/typescript/3.9/node_modules/@types/expand-tilde/index.d.ts'
[20:43:3.724] Adding entry into typings cache: 'extend' => '/home/evanmeek/.cache/typescript/3.9/node_modules/@types/extend/index.d.ts'
[20:43:3.725] Adding entry into typings cache: 'extract-zip' => '/home/evanmeek/.cache/typescript/3.9/node_modules/@types/extract-zip/index.d.ts'
[20:43:3.727] Adding entry into typings cache: 'extsprintf' => '/home/evanmeek/.cache/typescript/3.9/node_modules/@types/extsprintf/index.d.ts'
[20:43:3.728] Adding entry into typings cache: 'fast-levenshtein' => '/home/evanmeek/.cache/typescript/3.9/node_modules/@types/fast-levenshtein/index.d.ts'
[20:43:3.729] Adding entry into typings cache: 'forever-agent' => '/home/evanmeek/.cache/typescript/3.9/node_modules/@types/forever-agent/index.d.ts'
[20:43:3.730] Adding entry into typings cache: 'fs-extra' => '/home/evanmeek/.cache/typescript/3.9/node_modules/@types/fs-extra/index.d.ts'
[20:43:3.732] Adding entry into typings cache: 'function-bind' => '/home/evanmeek/.cache/typescript/3.9/node_modules/@types/function-bind/ts3.9/index.d.ts'
[20:43:3.733] Adding entry into typings cache: 'get-caller-file' => '/home/evanmeek/.cache/typescript/3.9/node_modules/@types/get-caller-file/index.d.ts'
[20:43:3.734] Adding entry into typings cache: 'get-folder-size' => '/home/evanmeek/.cache/typescript/3.9/node_modules/@types/get-folder-size/index.d.ts'
[20:43:3.735] Adding entry into typings cache: 'get-installed-path' => '/home/evanmeek/.cache/typescript/3.9/node_modules/@types/get-installed-path/index.d.ts'
[20:43:3.736] Adding entry into typings cache: 'getpass' => '/home/evanmeek/.cache/typescript/3.9/node_modules/@types/getpass/index.d.ts'
[20:43:3.738] Adding entry into typings cache: 'glob' => '/home/evanmeek/.cache/typescript/3.9/node_modules/@types/glob/index.d.ts'
[20:43:3.739] Adding entry into typings cache: 'global-agent' => '/home/evanmeek/.cache/typescript/3.9/node_modules/@types/global-agent/index.d.ts'
[20:43:3.740] Adding entry into typings cache: 'global-modules' => '/home/evanmeek/.cache/typescript/3.9/node_modules/@types/global-modules/index.d.ts'
[20:43:3.741] Adding entry into typings cache: 'global-prefix' => '/home/evanmeek/.cache/typescript/3.9/node_modules/@types/global-prefix/index.d.ts'
[20:43:3.741] Adding entry into typings cache: 'global-tunnel-ng' => '/home/evanmeek/.cache/typescript/3.9/node_modules/@types/global-tunnel-ng/index.d.ts'
[20:43:3.742] Adding entry into typings cache: 'globalthis' => '/home/evanmeek/.cache/typescript/3.9/node_modules/@types/globalthis/index.d.ts'
[20:43:3.743] Adding entry into typings cache: 'got' => '/home/evanmeek/.cache/typescript/3.9/node_modules/@types/got/index.d.ts'
[20:43:3.744] Adding entry into typings cache: 'graceful-fs' => '/home/evanmeek/.cache/typescript/3.9/node_modules/@types/graceful-fs/index.d.ts'
[20:43:3.744] Adding entry into typings cache: 'has' => '/home/evanmeek/.cache/typescript/3.9/node_modules/@types/has/index.d.ts'
[20:43:3.746] Adding entry into typings cache: 'has-ansi' => '/home/evanmeek/.cache/typescript/3.9/node_modules/@types/has-ansi/index.d.ts'
[20:43:3.747] Adding entry into typings cache: 'hash-sum' => '/home/evanmeek/.cache/typescript/3.9/node_modules/@types/hash-sum/index.d.ts'
[20:43:3.748] Adding entry into typings cache: 'he' => '/home/evanmeek/.cache/typescript/3.9/node_modules/@types/he/index.d.ts'
[20:43:3.749] Adding entry into typings cache: 'hoek' => '/home/evanmeek/.cache/typescript/3.9/node_modules/@types/hoek/index.d.ts'
[20:43:3.750] Adding entry into typings cache: 'hosted-git-info' => '/home/evanmeek/.cache/typescript/3.9/node_modules/@types/hosted-git-info/index.d.ts'
[20:43:3.751] Adding entry into typings cache: 'htmlparser2' => '/home/evanmeek/.cache/typescript/3.9/node_modules/@types/htmlparser2/index.d.ts'
[20:43:3.752] Adding entry into typings cache: 'http-cache-semantics' => '/home/evanmeek/.cache/typescript/3.9/node_modules/@types/http-cache-semantics/index.d.ts'
[20:43:3.752] Adding entry into typings cache: 'http-proxy-agent' => '/home/evanmeek/.cache/typescript/3.9/node_modules/@types/http-proxy-agent/index.d.ts'
[20:43:3.753] Adding entry into typings cache: 'inherits' => '/home/evanmeek/.cache/typescript/3.9/node_modules/@types/inherits/index.d.ts'
[20:43:3.754] Adding entry into typings cache: 'ini' => '/home/evanmeek/.cache/typescript/3.9/node_modules/@types/ini/index.d.ts'
[20:43:3.755] Adding entry into typings cache: 'inquirer' => '/home/evanmeek/.cache/typescript/3.9/node_modules/@types/inquirer/index.d.ts'
[20:43:3.755] Adding entry into typings cache: 'invariant' => '/home/evanmeek/.cache/typescript/3.9/node_modules/@types/invariant/index.d.ts'
[20:43:3.756] Adding entry into typings cache: 'is-buffer' => '/home/evanmeek/.cache/typescript/3.9/node_modules/@types/is-buffer/index.d.ts'
[20:43:3.757] Adding entry into typings cache: 'is-finite' => '/home/evanmeek/.cache/typescript/3.9/node_modules/@types/is-finite/index.d.ts'
[20:43:3.758] Adding entry into typings cache: 'is-promise' => '/home/evanmeek/.cache/typescript/3.9/node_modules/@types/is-promise/index.d.ts'
[20:43:3.760] Adding entry into typings cache: 'is-relative-path' => '/home/evanmeek/.cache/typescript/3.9/node_modules/@types/is-relative-path/index.d.ts'
[20:43:3.761] Adding entry into typings cache: 'is-typedarray' => '/home/evanmeek/.cache/typescript/3.9/node_modules/@types/is-typedarray/index.d.ts'
[20:43:3.762] Adding entry into typings cache: 'is-utf8' => '/home/evanmeek/.cache/typescript/3.9/node_modules/@types/is-utf8/index.d.ts'
[20:43:3.763] Adding entry into typings cache: 'is-windows' => '/home/evanmeek/.cache/typescript/3.9/node_modules/@types/is-windows/index.d.ts'
[20:43:3.764] Adding entry into typings cache: 'isarray' => '/home/evanmeek/.cache/typescript/3.9/node_modules/@types/isarray/index.d.ts'
[20:43:3.765] Adding entry into typings cache: 'isexe' => '/home/evanmeek/.cache/typescript/3.9/node_modules/@types/isexe/index.d.ts'
[20:43:3.766] Adding entry into typings cache: 'isstream' => '/home/evanmeek/.cache/typescript/3.9/node_modules/@types/isstream/index.d.ts'
[20:43:3.766] Adding entry into typings cache: 'istanbul' => '/home/evanmeek/.cache/typescript/3.9/node_modules/@types/istanbul/index.d.ts'
[20:43:3.767] Adding entry into typings cache: 'jade' => '/home/evanmeek/.cache/typescript/3.9/node_modules/@types/jade/index.d.ts'
[20:43:3.768] Adding entry into typings cache: 'jmespath' => '/home/evanmeek/.cache/typescript/3.9/node_modules/@types/jmespath/index.d.ts'
[20:43:3.768] Adding entry into typings cache: 'js-base64' => '/home/evanmeek/.cache/typescript/3.9/node_modules/@types/js-base64/index.d.ts'
[20:43:3.769] Adding entry into typings cache: 'js-string-escape' => '/home/evanmeek/.cache/typescript/3.9/node_modules/@types/js-string-escape/index.d.ts'
[20:43:3.770] Adding entry into typings cache: 'js-yaml' => '/home/evanmeek/.cache/typescript/3.9/node_modules/@types/js-yaml/index.d.ts'
[20:43:3.771] Adding entry into typings cache: 'jsbn' => '/home/evanmeek/.cache/typescript/3.9/node_modules/@types/jsbn/index.d.ts'
[20:43:3.772] Adding entry into typings cache: 'jsdom' => '/home/evanmeek/.cache/typescript/3.9/node_modules/@types/jsdom/index.d.ts'
[20:43:3.773] Adding entry into typings cache: 'jsesc' => '/home/evanmeek/.cache/typescript/3.9/node_modules/@types/jsesc/index.d.ts'
[20:43:3.774] Adding entry into typings cache: 'json-buffer' => '/home/evanmeek/.cache/typescript/3.9/node_modules/@types/json-buffer/index.d.ts'
[20:43:3.775] Adding entry into typings cache: 'json-schema' => '/home/evanmeek/.cache/typescript/3.9/node_modules/@types/json-schema/index.d.ts'
[20:43:3.776] Adding entry into typings cache: 'json-schema-traverse' => '/home/evanmeek/.cache/typescript/3.9/node_modules/@types/json-schema-traverse/index.d.ts'
[20:43:3.777] Adding entry into typings cache: 'json-stable-stringify' => '/home/evanmeek/.cache/typescript/3.9/node_modules/@types/json-stable-stringify/index.d.ts'
[20:43:3.780] Adding entry into typings cache: 'json-stringify-safe' => '/home/evanmeek/.cache/typescript/3.9/node_modules/@types/json-stringify-safe/index.d.ts'
[20:43:3.781] Adding entry into typings cache: 'json5' => '/home/evanmeek/.cache/typescript/3.9/node_modules/@types/json5/index.d.ts'
[20:43:3.782] Adding entry into typings cache: 'jsonfile' => '/home/evanmeek/.cache/typescript/3.9/node_modules/@types/jsonfile/index.d.ts'
[20:43:3.783] Adding entry into typings cache: 'keyv' => '/home/evanmeek/.cache/typescript/3.9/node_modules/@types/keyv/index.d.ts'
[20:43:3.784] Adding entry into typings cache: 'kind-of' => '/home/evanmeek/.cache/typescript/3.9/node_modules/@types/kind-of/index.d.ts'
[20:43:3.785] Adding entry into typings cache: 'klaw' => '/home/evanmeek/.cache/typescript/3.9/node_modules/@types/klaw/index.d.ts'
[20:43:3.786] Adding entry into typings cache: 'less' => '/home/evanmeek/.cache/typescript/3.9/node_modules/@types/less/index.d.ts'
[20:43:3.787] Adding entry into typings cache: 'lodash' => '/home/evanmeek/.cache/typescript/3.9/node_modules/@types/lodash/index.d.ts'
[20:43:3.788] Adding entry into typings cache: 'lodash.assign' => '/home/evanmeek/.cache/typescript/3.9/node_modules/@types/lodash.assign/index.d.ts'
[20:43:3.789] Adding entry into typings cache: 'lodash.defaults' => '/home/evanmeek/.cache/typescript/3.9/node_modules/@types/lodash.defaults/index.d.ts'
[20:43:3.790] Adding entry into typings cache: 'lodash.difference' => '/home/evanmeek/.cache/typescript/3.9/node_modules/@types/lodash.difference/index.d.ts'
[20:43:3.790] Adding entry into typings cache: 'lodash.filter' => '/home/evanmeek/.cache/typescript/3.9/node_modules/@types/lodash.filter/index.d.ts'
[20:43:3.791] Adding entry into typings cache: 'lodash.get' => '/home/evanmeek/.cache/typescript/3.9/node_modules/@types/lodash.get/index.d.ts'
[20:43:3.792] Adding entry into typings cache: 'lodash.memoize' => '/home/evanmeek/.cache/typescript/3.9/node_modules/@types/lodash.memoize/index.d.ts'
[20:43:3.793] Adding entry into typings cache: 'lodash.merge' => '/home/evanmeek/.cache/typescript/3.9/node_modules/@types/lodash.merge/index.d.ts'
[20:43:3.793] Adding entry into typings cache: 'lodash.pad' => '/home/evanmeek/.cache/typescript/3.9/node_modules/@types/lodash.pad/index.d.ts'
[20:43:3.795] Adding entry into typings cache: 'lodash.padend' => '/home/evanmeek/.cache/typescript/3.9/node_modules/@types/lodash.padend/index.d.ts'
[20:43:3.796] Adding entry into typings cache: 'lodash.padstart' => '/home/evanmeek/.cache/typescript/3.9/node_modules/@types/lodash.padstart/index.d.ts'
[20:43:3.797] Adding entry into typings cache: 'lodash.pull' => '/home/evanmeek/.cache/typescript/3.9/node_modules/@types/lodash.pull/index.d.ts'
[20:43:3.797] Adding entry into typings cache: 'lodash.template' => '/home/evanmeek/.cache/typescript/3.9/node_modules/@types/lodash.template/index.d.ts'
[20:43:3.798] Adding entry into typings cache: 'lodash.uniq' => '/home/evanmeek/.cache/typescript/3.9/node_modules/@types/lodash.uniq/index.d.ts'
[20:43:3.799] Adding entry into typings cache: 'lru-cache' => '/home/evanmeek/.cache/typescript/3.9/node_modules/@types/lru-cache/index.d.ts'
[20:43:3.800] Adding entry into typings cache: 'math-expression-evaluator' => '/home/evanmeek/.cache/typescript/3.9/node_modules/@types/math-expression-evaluator/index.d.ts'
[20:43:3.801] Adding entry into typings cache: 'meow' => '/home/evanmeek/.cache/typescript/3.9/node_modules/@types/meow/index.d.ts'
[20:43:3.802] Adding entry into typings cache: 'mime' => '/home/evanmeek/.cache/typescript/3.9/node_modules/@types/mime/index.d.ts'
[20:43:3.803] Adding entry into typings cache: 'mime-db' => '/home/evanmeek/.cache/typescript/3.9/node_modules/@types/mime-db/index.d.ts'
[20:43:3.804] Adding entry into typings cache: 'mime-types' => '/home/evanmeek/.cache/typescript/3.9/node_modules/@types/mime-types/index.d.ts'
[20:43:3.804] Adding entry into typings cache: 'minimatch' => '/home/evanmeek/.cache/typescript/3.9/node_modules/@types/minimatch/index.d.ts'
[20:43:3.805] Adding entry into typings cache: 'minimist' => '/home/evanmeek/.cache/typescript/3.9/node_modules/@types/minimist/index.d.ts'
[20:43:3.806] Adding entry into typings cache: 'minipass' => '/home/evanmeek/.cache/typescript/3.9/node_modules/@types/minipass/index.d.ts'
[20:43:3.806] Adding entry into typings cache: 'mkdirp' => '/home/evanmeek/.cache/typescript/3.9/node_modules/@types/mkdirp/index.d.ts'
[20:43:3.808] Adding entry into typings cache: 'mkpath' => '/home/evanmeek/.cache/typescript/3.9/node_modules/@types/mkpath/index.d.ts'
[20:43:3.809] Adding entry into typings cache: 'ms' => '/home/evanmeek/.cache/typescript/3.9/node_modules/@types/ms/index.d.ts'
[20:43:3.809] Adding entry into typings cache: 'mute-stream' => '/home/evanmeek/.cache/typescript/3.9/node_modules/@types/mute-stream/index.d.ts'
[20:43:3.810] Adding entry into typings cache: 'mz' => '/home/evanmeek/.cache/typescript/3.9/node_modules/@types/mz/index.d.ts'
[20:43:3.811] Adding entry into typings cache: 'nice-try' => '/home/evanmeek/.cache/typescript/3.9/node_modules/@types/nice-try/index.d.ts'
[20:43:3.811] Adding entry into typings cache: 'node' => '/home/evanmeek/.cache/typescript/3.9/node_modules/@types/node/index.d.ts'
[20:43:3.812] Adding entry into typings cache: 'node-abi' => '/home/evanmeek/.cache/typescript/3.9/node_modules/@types/node-abi/index.d.ts'
[20:43:3.813] Adding entry into typings cache: 'node-fetch' => '/home/evanmeek/.cache/typescript/3.9/node_modules/@types/node-fetch/index.d.ts'
[20:43:3.815] Adding entry into typings cache: 'node-notifier' => '/home/evanmeek/.cache/typescript/3.9/node_modules/@types/node-notifier/index.d.ts'
[20:43:3.816] Adding entry into typings cache: 'nopt' => '/home/evanmeek/.cache/typescript/3.9/node_modules/@types/nopt/index.d.ts'
[20:43:3.816] Adding entry into typings cache: 'normalize-package-data' => '/home/evanmeek/.cache/typescript/3.9/node_modules/@types/normalize-package-data/index.d.ts'
[20:43:3.817] Adding entry into typings cache: 'npmlog' => '/home/evanmeek/.cache/typescript/3.9/node_modules/@types/npmlog/index.d.ts'
[20:43:3.820] Adding entry into typings cache: 'num2fraction' => '/home/evanmeek/.cache/typescript/3.9/node_modules/@types/num2fraction/index.d.ts'
[20:43:3.821] Adding entry into typings cache: 'number-is-nan' => '/home/evanmeek/.cache/typescript/3.9/node_modules/@types/number-is-nan/index.d.ts'
[20:43:3.822] Adding entry into typings cache: 'nwmatcher' => '/home/evanmeek/.cache/typescript/3.9/node_modules/@types/nwmatcher/index.d.ts'
[20:43:3.824] Adding entry into typings cache: 'object-assign' => '/home/evanmeek/.cache/typescript/3.9/node_modules/@types/object-assign/index.d.ts'
[20:43:3.825] Adding entry into typings cache: 'object-keys' => '/home/evanmeek/.cache/typescript/3.9/node_modules/@types/object-keys/index.d.ts'
[20:43:3.826] Adding entry into typings cache: 'once' => '/home/evanmeek/.cache/typescript/3.9/node_modules/@types/once/index.d.ts'
[20:43:3.827] Adding entry into typings cache: 'optimist' => '/home/evanmeek/.cache/typescript/3.9/node_modules/@types/optimist/index.d.ts'
[20:43:3.828] Adding entry into typings cache: 'os-homedir' => '/home/evanmeek/.cache/typescript/3.9/node_modules/@types/os-homedir/index.d.ts'
[20:43:3.829] Adding entry into typings cache: 'os-tmpdir' => '/home/evanmeek/.cache/typescript/3.9/node_modules/@types/os-tmpdir/index.d.ts'
[20:43:3.830] Adding entry into typings cache: 'osenv' => '/home/evanmeek/.cache/typescript/3.9/node_modules/@types/osenv/index.d.ts'
[20:43:3.832] Adding entry into typings cache: 'parse-author' => '/home/evanmeek/.cache/typescript/3.9/node_modules/@types/parse-author/index.d.ts'
[20:43:3.833] Adding entry into typings cache: 'parse-json' => '/home/evanmeek/.cache/typescript/3.9/node_modules/@types/parse-json/index.d.ts'
[20:43:3.834] Adding entry into typings cache: 'parse-passwd' => '/home/evanmeek/.cache/typescript/3.9/node_modules/@types/parse-passwd/index.d.ts'
[20:43:3.835] Adding entry into typings cache: 'parse5' => '/home/evanmeek/.cache/typescript/3.9/node_modules/@types/parse5/index.d.ts'
[20:43:3.836] Adding entry into typings cache: 'path-is-absolute' => '/home/evanmeek/.cache/typescript/3.9/node_modules/@types/path-is-absolute/index.d.ts'
[20:43:3.837] Adding entry into typings cache: 'path-parse' => '/home/evanmeek/.cache/typescript/3.9/node_modules/@types/path-parse/index.d.ts'
[20:43:3.838] Adding entry into typings cache: 'pify' => '/home/evanmeek/.cache/typescript/3.9/node_modules/@types/pify/index.d.ts'
[20:43:3.840] Adding entry into typings cache: 'plist' => '/home/evanmeek/.cache/typescript/3.9/node_modules/@types/plist/index.d.ts'
[20:43:3.841] Adding entry into typings cache: 'postcss-calc' => '/home/evanmeek/.cache/typescript/3.9/node_modules/@types/postcss-calc/index.d.ts'
[20:43:3.842] Adding entry into typings cache: 'prelude-ls' => '/home/evanmeek/.cache/typescript/3.9/node_modules/@types/prelude-ls/index.d.ts'
[20:43:3.843] Adding entry into typings cache: 'progress' => '/home/evanmeek/.cache/typescript/3.9/node_modules/@types/progress/index.d.ts'
[20:43:3.844] Adding entry into typings cache: 'progress-stream' => '/home/evanmeek/.cache/typescript/3.9/node_modules/@types/progress-stream/index.d.ts'
[20:43:3.845] Adding entry into typings cache: 'psl' => '/home/evanmeek/.cache/typescript/3.9/node_modules/@types/psl/index.d.ts'
[20:43:3.846] Adding entry into typings cache: 'pump' => '/home/evanmeek/.cache/typescript/3.9/node_modules/@types/pump/index.d.ts'
[20:43:3.847] Adding entry into typings cache: 'punycode' => '/home/evanmeek/.cache/typescript/3.9/node_modules/@types/punycode/index.d.ts'
[20:43:3.848] Adding entry into typings cache: 'q' => '/home/evanmeek/.cache/typescript/3.9/node_modules/@types/q/index.d.ts'
[20:43:3.849] Adding entry into typings cache: 'qs' => '/home/evanmeek/.cache/typescript/3.9/node_modules/@types/qs/index.d.ts'
[20:43:3.850] Adding entry into typings cache: 'rc' => '/home/evanmeek/.cache/typescript/3.9/node_modules/@types/rc/index.d.ts'
[20:43:3.851] Adding entry into typings cache: 'readable-stream' => '/home/evanmeek/.cache/typescript/3.9/node_modules/@types/readable-stream/index.d.ts'
[20:43:3.851] Adding entry into typings cache: 'regenerator-runtime' => '/home/evanmeek/.cache/typescript/3.9/node_modules/@types/regenerator-runtime/index.d.ts'
[20:43:3.852] Adding entry into typings cache: 'repeat-string' => '/home/evanmeek/.cache/typescript/3.9/node_modules/@types/repeat-string/index.d.ts'
[20:43:3.853] Adding entry into typings cache: 'repeating' => '/home/evanmeek/.cache/typescript/3.9/node_modules/@types/repeating/index.d.ts'
[20:43:3.854] Adding entry into typings cache: 'request' => '/home/evanmeek/.cache/typescript/3.9/node_modules/@types/request/index.d.ts'
[20:43:3.854] Adding entry into typings cache: 'require-directory' => '/home/evanmeek/.cache/typescript/3.9/node_modules/@types/require-directory/index.d.ts'
[20:43:3.855] Adding entry into typings cache: 'resolve' => '/home/evanmeek/.cache/typescript/3.9/node_modules/@types/resolve/index.d.ts'
[20:43:3.856] Adding entry into typings cache: 'responselike' => '/home/evanmeek/.cache/typescript/3.9/node_modules/@types/responselike/index.d.ts'
[20:43:3.857] Adding entry into typings cache: 'right-align' => '/home/evanmeek/.cache/typescript/3.9/node_modules/@types/right-align/index.d.ts'
[20:43:3.857] Adding entry into typings cache: 'rimraf' => '/home/evanmeek/.cache/typescript/3.9/node_modules/@types/rimraf/index.d.ts'
[20:43:3.858] Adding entry into typings cache: 'roarr' => '/home/evanmeek/.cache/typescript/3.9/node_modules/@types/roarr/index.d.ts'
[20:43:3.859] Adding entry into typings cache: 'rx' => '/home/evanmeek/.cache/typescript/3.9/node_modules/@types/rx/index.d.ts'
[20:43:3.860] Adding entry into typings cache: 'rx-lite' => '/home/evanmeek/.cache/typescript/3.9/node_modules/@types/rx-lite/index.d.ts'
[20:43:3.861] Adding entry into typings cache: 'rx-lite-aggregates' => '/home/evanmeek/.cache/typescript/3.9/node_modules/@types/rx-lite-aggregates/index.d.ts'
[20:43:3.861] Adding entry into typings cache: 'safer-buffer' => '/home/evanmeek/.cache/typescript/3.9/node_modules/@types/safer-buffer/index.d.ts'
[20:43:3.862] Adding entry into typings cache: 'sax' => '/home/evanmeek/.cache/typescript/3.9/node_modules/@types/sax/index.d.ts'
[20:43:3.863] Adding entry into typings cache: 'semver' => '/home/evanmeek/.cache/typescript/3.9/node_modules/@types/semver/index.d.ts'
[20:43:3.863] Adding entry into typings cache: 'semver-compare' => '/home/evanmeek/.cache/typescript/3.9/node_modules/@types/semver-compare/index.d.ts'
[20:43:3.864] Adding entry into typings cache: 'shebang-command' => '/home/evanmeek/.cache/typescript/3.9/node_modules/@types/shebang-command/index.d.ts'
[20:43:3.865] Adding entry into typings cache: 'sigmund' => '/home/evanmeek/.cache/typescript/3.9/node_modules/@types/sigmund/index.d.ts'
[20:43:3.866] Adding entry into typings cache: 'signal-exit' => '/home/evanmeek/.cache/typescript/3.9/node_modules/@types/signal-exit/index.d.ts'
[20:43:3.866] Adding entry into typings cache: 'single-line-log' => '/home/evanmeek/.cache/typescript/3.9/node_modules/@types/single-line-log/index.d.ts'
[20:43:3.867] Adding entry into typings cache: 'sntp' => '/home/evanmeek/.cache/typescript/3.9/node_modules/@types/sntp/index.d.ts'
[20:43:3.868] Adding entry into typings cache: 'source-map-support' => '/home/evanmeek/.cache/typescript/3.9/node_modules/@types/source-map-support/index.d.ts'
[20:43:3.868] Adding entry into typings cache: 'spdx-correct' => '/home/evanmeek/.cache/typescript/3.9/node_modules/@types/spdx-correct/index.d.ts'
[20:43:3.869] Adding entry into typings cache: 'spdx-expression-parse' => '/home/evanmeek/.cache/typescript/3.9/node_modules/@types/spdx-expression-parse/index.d.ts'
[20:43:3.870] Adding entry into typings cache: 'sprintf' => '/home/evanmeek/.cache/typescript/3.9/node_modules/@types/sprintf/index.d.ts'
[20:43:3.870] Adding entry into typings cache: 'sprintf-js' => '/home/evanmeek/.cache/typescript/3.9/node_modules/@types/sprintf-js/index.d.ts'
[20:43:3.871] Adding entry into typings cache: 'sshpk' => '/home/evanmeek/.cache/typescript/3.9/node_modules/@types/sshpk/index.d.ts'
[20:43:3.872] Adding entry into typings cache: 'strict-uri-encode' => '/home/evanmeek/.cache/typescript/3.9/node_modules/@types/strict-uri-encode/index.d.ts'
[20:43:3.872] Adding entry into typings cache: 'stylus' => '/home/evanmeek/.cache/typescript/3.9/node_modules/@types/stylus/index.d.ts'
[20:43:3.873] Adding entry into typings cache: 'supports-color' => '/home/evanmeek/.cache/typescript/3.9/node_modules/@types/supports-color/index.d.ts'
[20:43:3.874] Adding entry into typings cache: 'svgo' => '/home/evanmeek/.cache/typescript/3.9/node_modules/@types/svgo/index.d.ts'
[20:43:3.874] Adding entry into typings cache: 'symbol-tree' => '/home/evanmeek/.cache/typescript/3.9/node_modules/@types/symbol-tree/index.d.ts'
[20:43:3.875] Adding entry into typings cache: 'tabtab' => '/home/evanmeek/.cache/typescript/3.9/node_modules/@types/tabtab/index.d.ts'
[20:43:3.876] Adding entry into typings cache: 'tar' => '/home/evanmeek/.cache/typescript/3.9/node_modules/@types/tar/index.d.ts'
[20:43:3.876] Adding entry into typings cache: 'tar-stream' => '/home/evanmeek/.cache/typescript/3.9/node_modules/@types/tar-stream/index.d.ts'
[20:43:3.877] Adding entry into typings cache: 'temp' => '/home/evanmeek/.cache/typescript/3.9/node_modules/@types/temp/index.d.ts'
[20:43:3.878] Adding entry into typings cache: 'throttleit' => '/home/evanmeek/.cache/typescript/3.9/node_modules/@types/throttleit/index.d.ts'
[20:43:3.878] Adding entry into typings cache: 'through' => '/home/evanmeek/.cache/typescript/3.9/node_modules/@types/through/index.d.ts'
[20:43:3.879] Adding entry into typings cache: 'through2' => '/home/evanmeek/.cache/typescript/3.9/node_modules/@types/through2/index.d.ts'
[20:43:3.879] Adding entry into typings cache: 'tmp' => '/home/evanmeek/.cache/typescript/3.9/node_modules/@types/tmp/index.d.ts'
[20:43:3.880] Adding entry into typings cache: 'touch' => '/home/evanmeek/.cache/typescript/3.9/node_modules/@types/touch/index.d.ts'
[20:43:3.881] Adding entry into typings cache: 'tough-cookie' => '/home/evanmeek/.cache/typescript/3.9/node_modules/@types/tough-cookie/index.d.ts'
[20:43:3.882] Adding entry into typings cache: 'traverse' => '/home/evanmeek/.cache/typescript/3.9/node_modules/@types/traverse/index.d.ts'
[20:43:3.882] Adding entry into typings cache: 'tunnel' => '/home/evanmeek/.cache/typescript/3.9/node_modules/@types/tunnel/index.d.ts'
[20:43:3.883] Adding entry into typings cache: 'type-check' => '/home/evanmeek/.cache/typescript/3.9/node_modules/@types/type-check/index.d.ts'
[20:43:3.884] Adding entry into typings cache: 'uglify-js' => '/home/evanmeek/.cache/typescript/3.9/node_modules/@types/uglify-js/index.d.ts'
[20:43:3.884] Adding entry into typings cache: 'uniq' => '/home/evanmeek/.cache/typescript/3.9/node_modules/@types/uniq/index.d.ts'
[20:43:3.885] Adding entry into typings cache: 'universalify' => '/home/evanmeek/.cache/typescript/3.9/node_modules/@types/universalify/index.d.ts'
[20:43:3.885] Adding entry into typings cache: 'urix' => '/home/evanmeek/.cache/typescript/3.9/node_modules/@types/urix/index.d.ts'
[20:43:3.886] Adding entry into typings cache: 'url-template' => '/home/evanmeek/.cache/typescript/3.9/node_modules/@types/url-template/index.d.ts'
[20:43:3.887] Adding entry into typings cache: 'util-deprecate' => '/home/evanmeek/.cache/typescript/3.9/node_modules/@types/util-deprecate/index.d.ts'
[20:43:3.887] Adding entry into typings cache: 'uuid' => '/home/evanmeek/.cache/typescript/3.9/node_modules/@types/uuid/index.d.ts'
[20:43:3.888] Adding entry into typings cache: 'validate-npm-package-license' => '/home/evanmeek/.cache/typescript/3.9/node_modules/@types/validate-npm-package-license/index.d.ts'
[20:43:3.888] Adding entry into typings cache: 'verror' => '/home/evanmeek/.cache/typescript/3.9/node_modules/@types/verror/index.d.ts'
[20:43:3.889] Adding entry into typings cache: 'void-elements' => '/home/evanmeek/.cache/typescript/3.9/node_modules/@types/void-elements/index.d.ts'
[20:43:3.890] Adding entry into typings cache: 'wcwidth' => '/home/evanmeek/.cache/typescript/3.9/node_modules/@types/wcwidth/index.d.ts'
[20:43:3.890] Adding entry into typings cache: 'webidl-conversions' => '/home/evanmeek/.cache/typescript/3.9/node_modules/@types/webidl-conversions/index.d.ts'
[20:43:3.891] Adding entry into typings cache: 'which' => '/home/evanmeek/.cache/typescript/3.9/node_modules/@types/which/index.d.ts'
[20:43:3.891] Adding entry into typings cache: 'window-size' => '/home/evanmeek/.cache/typescript/3.9/node_modules/@types/window-size/index.d.ts'
[20:43:3.892] Adding entry into typings cache: 'wordwrap' => '/home/evanmeek/.cache/typescript/3.9/node_modules/@types/wordwrap/index.d.ts'
[20:43:3.893] Adding entry into typings cache: 'wrap-ansi' => '/home/evanmeek/.cache/typescript/3.9/node_modules/@types/wrap-ansi/index.d.ts'
[20:43:3.893] Adding entry into typings cache: 'wrench' => '/home/evanmeek/.cache/typescript/3.9/node_modules/@types/wrench/index.d.ts'
[20:43:3.894] Adding entry into typings cache: 'xml2js' => '/home/evanmeek/.cache/typescript/3.9/node_modules/@types/xml2js/index.d.ts'
[20:43:3.894] Adding entry into typings cache: 'xmldom' => '/home/evanmeek/.cache/typescript/3.9/node_modules/@types/xmldom/index.d.ts'
[20:43:3.895] Adding entry into typings cache: 'xtend' => '/home/evanmeek/.cache/typescript/3.9/node_modules/@types/xtend/index.d.ts'
[20:43:3.896] Adding entry into typings cache: 'y18n' => '/home/evanmeek/.cache/typescript/3.9/node_modules/@types/y18n/index.d.ts'
[20:43:3.896] Adding entry into typings cache: 'yallist' => '/home/evanmeek/.cache/typescript/3.9/node_modules/@types/yallist/index.d.ts'
[20:43:3.897] Adding entry into typings cache: 'yargs' => '/home/evanmeek/.cache/typescript/3.9/node_modules/@types/yargs/index.d.ts'
[20:43:3.897] Adding entry into typings cache: 'yargs-parser' => '/home/evanmeek/.cache/typescript/3.9/node_modules/@types/yargs-parser/index.d.ts'
[20:43:3.898] Adding entry into typings cache: 'yauzl' => '/home/evanmeek/.cache/typescript/3.9/node_modules/@types/yauzl/index.d.ts'
[20:43:3.898] Finished processing cache location '/home/evanmeek/.cache/typescript/3.9'
[20:43:3.898] Process id: 3202482
[20:43:3.898] NPM location: /usr/bin/npm (explicit '--npmLocation' not  provided)
[20:43:3.898] validateDefaultNpmLocation: false
[20:43:3.899] Npm config file: /home/evanmeek/.cache/typescript/3.9/package.json
[20:43:3.899] Updating types-registry npm package...
[20:43:3.899] Exec: /usr/bin/npm install --ignore-scripts types-registry@latest
[20:43:12.59]     Succeeded. stdout:
    
    changed 1 package, and audited 323 packages in 8s

found 0 vulnerabilities

[20:43:12.59] Updated types-registry npm package
[20:43:12.78] Got install request {"projectName":"/dev/null/inferredProject1*","fileNames":["/home/evanmeek/.emacs.d/var/.cache/lsp/npm/typescript/lib/node_modules/typescript/lib/lib.d.ts","/home/evanmeek/.emacs.d/var/.cache/lsp/npm/typescript/lib/node_modules/typescript/lib/lib.es5.d.ts","/home/evanmeek/.emacs.d/var/.cache/lsp/npm/typescript/lib/node_modules/typescript/lib/lib.dom.d.ts","/home/evanmeek/.emacs.d/var/.cache/lsp/npm/typescript/lib/node_modules/typescript/lib/lib.webworker.importscripts.d.ts","/home/evanmeek/.emacs.d/var/.cache/lsp/npm/typescript/lib/node_modules/typescript/lib/lib.scripthost.d.ts","/home/evanmeek/Documents/site/js/main.js"],"compilerOptions":{"target":1,"jsx":1,"allowNonTsExtensions":true,"allowJs":true,"noEmitForJsFiles":true,"maxNodeModuleJsDepth":2},"typeAcquisition":{"enable":true,"include":[],"exclude":[]},"unresolvedImports":[],"projectRootPath":"/home/evanmeek/Documents/site/js","kind":"discover"}
[20:43:12.80] Loaded safelist from types map file '/home/evanmeek/.emacs.d/var/.cache/lsp/npm/typescript/lib/node_modules/typescript/lib/typesMap.json'
[20:43:12.81] Explicitly included types: []
[20:43:12.81] Inferred typings from unresolved imports: []
[20:43:12.82] Result: {"cachedTypingPaths":[],"newTypingNames":[],"filesToWatch":["/home/evanmeek/Documents/site/js/bower_components","/home/evanmeek/Documents/site/js/node_modules"]}
[20:43:12.82] Finished typings discovery: {"cachedTypingPaths":[],"newTypingNames":[],"filesToWatch":["/home/evanmeek/Documents/site/js/bower_components","/home/evanmeek/Documents/site/js/node_modules"]}
[20:43:12.82] DirectoryWatcher:: Added:: WatchInfo: /home/evanmeek/Documents/site/js/bower_components
[20:43:12.83] DirectoryWatcher:: Added:: WatchInfo: /home/evanmeek/Documents/site/js/node_modules
[20:43:12.84] Sending response:
    {"projectName":"/dev/null/inferredProject1*","typeAcquisition":{"enable":true,"include":[],"exclude":[]},"compilerOptions":{"target":1,"jsx":1,"allowNonTsExtensions":true,"allowJs":true,"noEmitForJsFiles":true,"maxNodeModuleJsDepth":2},"typings":[],"unresolvedImports":[],"kind":"action::set"}
[20:43:12.84] Response has been sent.
[20:43:12.84] No new typings were requested as a result of typings discovery
